TN:
SF:F:\code\coreLib\dist\Event.js
FN:3,_typeof
FN:3,_typeof
FN:3,_typeof
FN:5,_classCallCheck
FN:7,_defineProperties
FN:9,_createClass
FN:18,(anonymous_7)
FN:19,Broadcast
FN:27,setMaxListeners
FN:37,getMaxListeners
FN:42,addListener
FN:47,on
FN:52,once
FN:57,prependListener
FN:62,prependOnceListener
FN:67,_removeOneListener
FN:108,removeListener
FN:131,off
FN:136,removeAllEvents
FN:143,emit
FN:177,getListeners
FN:185,getListenerCount
FN:191,getAllEvents
FN:198,hasEvent
FN:211,isNaN
FN:217,get
FN:220,set
FN:229,(anonymous_28)
FN:237,arrayClone
FN:249,_addListener
FN:302,$getMaxListeners
FN:314,ReflectApply
FN:327,_onceWrap
FN:346,onceWrapper
FN:361,ReflectOwnkeys
FN:366,(anonymous_36)
FNF:36
FNH:34
FNDA:1,_typeof
FNDA:14,_typeof
FNDA:0,_typeof
FNDA:6,_classCallCheck
FNDA:1,_defineProperties
FNDA:1,_createClass
FNDA:1,(anonymous_7)
FNDA:6,Broadcast
FNDA:17,setMaxListeners
FNDA:56,getMaxListeners
FNDA:47,addListener
FNDA:39,on
FNDA:8,once
FNDA:12,prependListener
FNDA:6,prependOnceListener
FNDA:18,_removeOneListener
FNDA:23,removeListener
FNDA:7,off
FNDA:1,removeAllEvents
FNDA:27,emit
FNDA:10,getListeners
FNDA:9,getListenerCount
FNDA:2,getAllEvents
FNDA:2,hasEvent
FNDA:3,isNaN
FNDA:50,get
FNDA:7,set
FNDA:6,(anonymous_28)
FNDA:18,arrayClone
FNDA:59,_addListener
FNDA:56,$getMaxListeners
FNDA:48,ReflectApply
FNDA:14,_onceWrap
FNDA:6,onceWrapper
FNDA:2,ReflectOwnkeys
FNDA:0,(anonymous_36)
DA:3,14
DA:5,6
DA:7,16
DA:9,1
DA:11,1
DA:16,1
DA:19,1
DA:20,6
DA:22,6
DA:25,1
DA:28,17
DA:29,3
DA:30,3
DA:32,14
DA:38,56
DA:43,47
DA:48,39
DA:53,8
DA:58,12
DA:63,6
DA:68,18
DA:69,18
DA:70,18
DA:71,18
DA:72,18
DA:74,18
DA:76,4
DA:77,4
DA:78,4
DA:81,4
DA:82,1
DA:85,14
DA:87,14
DA:89,14
DA:90,20
DA:93,14
DA:94,14
DA:96,14
DA:97,1
DA:100,14
DA:104,18
DA:110,23
DA:111,3
DA:112,3
DA:113,3
DA:114,3
DA:115,0
DA:116,2
DA:118,2
DA:119,5
DA:122,2
DA:125,20
DA:126,13
DA:132,7
DA:137,1
DA:138,1
DA:139,1
DA:145,27
DA:146,27
DA:147,27
DA:148,27
DA:150,27
DA:151,17
DA:152,17
DA:155,27
DA:157,23
DA:158,12
DA:159,12
DA:160,11
DA:163,11
DA:165,11
DA:166,30
DA:169,11
DA:172,0
DA:178,10
DA:179,10
DA:180,10
DA:181,10
DA:186,9
DA:187,9
DA:192,2
DA:193,2
DA:199,2
DA:200,2
DA:201,1
DA:206,1
DA:209,1
DA:211,1
DA:212,3
DA:215,1
DA:218,50
DA:221,7
DA:222,0
DA:224,7
DA:229,1
DA:230,6
DA:231,6
DA:232,6
DA:233,6
DA:237,1
DA:238,18
DA:249,1
DA:250,59
DA:251,59
DA:252,59
DA:254,59
DA:255,7
DA:258,52
DA:259,0
DA:260,0
DA:263,52
DA:265,6
DA:267,6
DA:270,52
DA:272,52
DA:273,26
DA:274,26
DA:275,12
DA:276,12
DA:277,14
DA:278,14
DA:279,14
DA:282,0
DA:287,52
DA:289,52
DA:291,0
DA:294,52
DA:302,1
DA:303,56
DA:304,46
DA:314,1
DA:315,48
DA:327,1
DA:329,14
DA:336,14
DA:337,14
DA:338,14
DA:339,14
DA:346,1
DA:347,6
DA:348,6
DA:349,6
DA:350,6
DA:361,1
DA:362,2
DA:365,1
DA:366,0
DA:367,0
DA:370,1
DA:371,0
DA:373,1
LF:151
LH:141
BRDA:3,1,0,1
BRDA:3,1,1,0
BRDA:3,2,0,1
BRDA:3,2,1,1
BRDA:3,3,0,0
BRDA:3,3,1,0
BRDA:3,4,0,0
BRDA:3,4,1,0
BRDA:3,4,2,0
BRDA:3,4,3,0
BRDA:5,5,0,0
BRDA:5,5,1,6
BRDA:7,6,0,16
BRDA:7,6,1,16
BRDA:7,7,0,16
BRDA:7,7,1,0
BRDA:9,8,0,1
BRDA:9,8,1,0
BRDA:9,9,0,0
BRDA:9,9,1,1
BRDA:28,10,0,3
BRDA:28,10,1,14
BRDA:28,11,0,17
BRDA:28,11,1,7
BRDA:28,11,2,3
BRDA:68,12,0,0
BRDA:68,12,1,18
BRDA:70,13,0,0
BRDA:70,13,1,18
BRDA:72,14,0,0
BRDA:72,14,1,18
BRDA:74,15,0,4
BRDA:74,15,1,14
BRDA:76,16,0,4
BRDA:76,16,1,0
BRDA:76,17,0,4
BRDA:76,17,1,0
BRDA:81,18,0,1
BRDA:81,18,1,3
BRDA:85,19,0,14
BRDA:85,19,1,0
BRDA:90,20,0,14
BRDA:90,20,1,6
BRDA:90,21,0,20
BRDA:90,21,1,8
BRDA:93,22,0,14
BRDA:93,22,1,0
BRDA:96,23,0,1
BRDA:96,23,1,13
BRDA:100,24,0,4
BRDA:100,24,1,10
BRDA:110,25,0,3
BRDA:110,25,1,20
BRDA:112,26,0,0
BRDA:112,26,1,3
BRDA:114,27,0,1
BRDA:114,27,1,2
BRDA:114,28,0,0
BRDA:114,28,1,2
BRDA:116,29,0,2
BRDA:116,29,1,0
BRDA:125,30,0,7
BRDA:125,30,1,13
BRDA:155,31,0,4
BRDA:155,31,1,23
BRDA:157,32,0,12
BRDA:157,32,1,11
BRDA:160,33,0,11
BRDA:160,33,1,0
BRDA:179,34,0,0
BRDA:179,34,1,10
BRDA:181,35,0,3
BRDA:181,35,1,7
BRDA:181,36,0,0
BRDA:181,36,1,7
BRDA:181,37,0,7
BRDA:181,37,1,0
BRDA:192,38,0,0
BRDA:192,38,1,2
BRDA:199,39,0,0
BRDA:199,39,1,2
BRDA:200,40,0,1
BRDA:200,40,1,1
BRDA:212,41,0,3
BRDA:212,41,1,3
BRDA:221,42,0,0
BRDA:221,42,1,7
BRDA:221,43,0,7
BRDA:221,43,1,2
BRDA:221,43,2,0
BRDA:230,44,0,6
BRDA:230,44,1,0
BRDA:230,45,0,6
BRDA:230,45,1,0
BRDA:254,46,0,7
BRDA:254,46,1,52
BRDA:258,47,0,0
BRDA:258,47,1,52
BRDA:263,48,0,6
BRDA:263,48,1,46
BRDA:272,49,0,26
BRDA:272,49,1,26
BRDA:274,50,0,12
BRDA:274,50,1,14
BRDA:275,51,0,4
BRDA:275,51,1,8
BRDA:277,52,0,14
BRDA:277,52,1,0
BRDA:278,53,0,8
BRDA:278,53,1,6
BRDA:289,54,0,0
BRDA:289,54,1,52
BRDA:303,55,0,10
BRDA:303,55,1,46
BRDA:347,56,0,6
BRDA:347,56,1,0
BRDA:365,57,0,0
BRDA:365,57,1,1
BRDA:365,58,0,1
BRDA:365,58,1,0
BRDA:370,59,0,0
BRDA:370,59,1,1
BRDA:370,60,0,1
BRDA:370,60,1,0
BRF:124
BRH:85
end_of_record
